This is pdfTeX, Version 3.14159265-2.6-1.40.20 (TeX Live 2019) (preloaded format=pdflatex 2019.5.8)  20 AUG 2019 16:26
entering extended mode
 restricted \write18 enabled.
 %&-line parsing enabled.
**"Design and Characterization of a 28-nm .tex"
(./Design and Characterization of a 28-nm .tex
LaTeX2e <2018-12-01>
(/usr/local/texlive/2019/texmf-dist/tex/latex/IEEEtran/IEEEtran.cls
Document Class: IEEEtran 2015/08/26 V1.8b by Michael Shell
-- See the "IEEEtran_HOWTO" manual for usage information.
-- http://www.michaelshell.org/tex/ieeetran/
\@IEEEtrantmpdimenA=\dimen102
\@IEEEtrantmpdimenB=\dimen103
\@IEEEtrantmpdimenC=\dimen104
\@IEEEtrantmpcountA=\count80
\@IEEEtrantmpcountB=\count81
\@IEEEtrantmpcountC=\count82
\@IEEEtrantmptoksA=\toks14
LaTeX Font Info:    Try loading font information for OT1+ptm on input line 503.

(/usr/local/texlive/2019/texmf-dist/tex/latex/psnfss/ot1ptm.fd
File: ot1ptm.fd 2001/06/04 font definitions for OT1/ptm.
)
-- Using 8.5in x 11in (letter) paper.
-- Using PDF output.
\@IEEEnormalsizeunitybaselineskip=\dimen105
-- This is a 10 point document.
\CLASSINFOnormalsizebaselineskip=\dimen106
\CLASSINFOnormalsizeunitybaselineskip=\dimen107
\IEEEnormaljot=\dimen108
LaTeX Font Info:    Font shape `OT1/ptm/bx/n' in size <5> not available
(Font)              Font shape `OT1/ptm/b/n' tried instead on input line 1090.
LaTeX Font Info:    Font shape `OT1/ptm/bx/it' in size <5> not available
(Font)              Font shape `OT1/ptm/b/it' tried instead on input line 1090.

LaTeX Font Info:    Font shape `OT1/ptm/bx/n' in size <7> not available
(Font)              Font shape `OT1/ptm/b/n' tried instead on input line 1090.
LaTeX Font Info:    Font shape `OT1/ptm/bx/it' in size <7> not available
(Font)              Font shape `OT1/ptm/b/it' tried instead on input line 1090.

LaTeX Font Info:    Font shape `OT1/ptm/bx/n' in size <8> not available
(Font)              Font shape `OT1/ptm/b/n' tried instead on input line 1090.
LaTeX Font Info:    Font shape `OT1/ptm/bx/it' in size <8> not available
(Font)              Font shape `OT1/ptm/b/it' tried instead on input line 1090.

LaTeX Font Info:    Font shape `OT1/ptm/bx/n' in size <9> not available
(Font)              Font shape `OT1/ptm/b/n' tried instead on input line 1090.
LaTeX Font Info:    Font shape `OT1/ptm/bx/it' in size <9> not available
(Font)              Font shape `OT1/ptm/b/it' tried instead on input line 1090.

LaTeX Font Info:    Font shape `OT1/ptm/bx/n' in size <10> not available
(Font)              Font shape `OT1/ptm/b/n' tried instead on input line 1090.
LaTeX Font Info:    Font shape `OT1/ptm/bx/it' in size <10> not available
(Font)              Font shape `OT1/ptm/b/it' tried instead on input line 1090.

LaTeX Font Info:    Font shape `OT1/ptm/bx/n' in size <11> not available
(Font)              Font shape `OT1/ptm/b/n' tried instead on input line 1090.
LaTeX Font Info:    Font shape `OT1/ptm/bx/it' in size <11> not available
(Font)              Font shape `OT1/ptm/b/it' tried instead on input line 1090.

LaTeX Font Info:    Font shape `OT1/ptm/bx/n' in size <12> not available
(Font)              Font shape `OT1/ptm/b/n' tried instead on input line 1090.
LaTeX Font Info:    Font shape `OT1/ptm/bx/it' in size <12> not available
(Font)              Font shape `OT1/ptm/b/it' tried instead on input line 1090.

LaTeX Font Info:    Font shape `OT1/ptm/bx/n' in size <17> not available
(Font)              Font shape `OT1/ptm/b/n' tried instead on input line 1090.
LaTeX Font Info:    Font shape `OT1/ptm/bx/it' in size <17> not available
(Font)              Font shape `OT1/ptm/b/it' tried instead on input line 1090.

LaTeX Font Info:    Font shape `OT1/ptm/bx/n' in size <20> not available
(Font)              Font shape `OT1/ptm/b/n' tried instead on input line 1090.
LaTeX Font Info:    Font shape `OT1/ptm/bx/it' in size <20> not available
(Font)              Font shape `OT1/ptm/b/it' tried instead on input line 1090.

LaTeX Font Info:    Font shape `OT1/ptm/bx/n' in size <24> not available
(Font)              Font shape `OT1/ptm/b/n' tried instead on input line 1090.
LaTeX Font Info:    Font shape `OT1/ptm/bx/it' in size <24> not available
(Font)              Font shape `OT1/ptm/b/it' tried instead on input line 1090.

\IEEEquantizedlength=\dimen109
\IEEEquantizedlengthdiff=\dimen110
\IEEEquantizedtextheightdiff=\dimen111
\IEEEilabelindentA=\dimen112
\IEEEilabelindentB=\dimen113
\IEEEilabelindent=\dimen114
\IEEEelabelindent=\dimen115
\IEEEdlabelindent=\dimen116
\IEEElabelindent=\dimen117
\IEEEiednormlabelsep=\dimen118
\IEEEiedmathlabelsep=\dimen119
\IEEEiedtopsep=\skip41
\c@section=\count83
\c@subsection=\count84
\c@subsubsection=\count85
\c@paragraph=\count86
\c@IEEEsubequation=\count87
\abovecaptionskip=\skip42
\belowcaptionskip=\skip43
\c@figure=\count88
\c@table=\count89
\@IEEEeqnnumcols=\count90
\@IEEEeqncolcnt=\count91
\@IEEEsubeqnnumrollback=\count92
\@IEEEquantizeheightA=\dimen120
\@IEEEquantizeheightB=\dimen121
\@IEEEquantizeheightC=\dimen122
\@IEEEquantizeprevdepth=\dimen123
\@IEEEquantizemultiple=\count93
\@IEEEquantizeboxA=\box27
\@IEEEtmpitemindent=\dimen124
\IEEEPARstartletwidth=\dimen125
\c@IEEEbiography=\count94
\@IEEEtranrubishbin=\box28
) (/usr/local/texlive/2019/texmf-dist/tex/latex/amsmath/amsmath.sty
Package: amsmath 2018/12/01 v2.17b AMS math features
\@mathmargin=\skip44

For additional information on amsmath, use the `?' option.
(/usr/local/texlive/2019/texmf-dist/tex/latex/amsmath/amstext.sty
Package: amstext 2000/06/29 v2.01 AMS text

(/usr/local/texlive/2019/texmf-dist/tex/latex/amsmath/amsgen.sty
File: amsgen.sty 1999/11/30 v2.0 generic functions
\@emptytoks=\toks15
\ex@=\dimen126
))
(/usr/local/texlive/2019/texmf-dist/tex/latex/amsmath/amsbsy.sty
Package: amsbsy 1999/11/29 v1.2d Bold Symbols
\pmbraise@=\dimen127
)
(/usr/local/texlive/2019/texmf-dist/tex/latex/amsmath/amsopn.sty
Package: amsopn 2016/03/08 v2.02 operator names
)
\inf@bad=\count95
LaTeX Info: Redefining \frac on input line 223.
\uproot@=\count96
\leftroot@=\count97
LaTeX Info: Redefining \overline on input line 385.
\classnum@=\count98
\DOTSCASE@=\count99
LaTeX Info: Redefining \ldots on input line 482.
LaTeX Info: Redefining \dots on input line 485.
LaTeX Info: Redefining \cdots on input line 606.
\Mathstrutbox@=\box29
\strutbox@=\box30
\big@size=\dimen128
LaTeX Font Info:    Redeclaring font encoding OML on input line 729.
LaTeX Font Info:    Redeclaring font encoding OMS on input line 730.
\macc@depth=\count100
\c@MaxMatrixCols=\count101
\dotsspace@=\muskip10
\c@parentequation=\count102
\dspbrk@lvl=\count103
\tag@help=\toks16
\row@=\count104
\column@=\count105
\maxfields@=\count106
\andhelp@=\toks17
\eqnshift@=\dimen129
\alignsep@=\dimen130
\tagshift@=\dimen131
\tagwidth@=\dimen132
\totwidth@=\dimen133
\lineht@=\dimen134
\@envbody=\toks18
\multlinegap=\skip45
\multlinetaggap=\skip46
\mathdisplay@stack=\toks19
LaTeX Info: Redefining \[ on input line 2844.
LaTeX Info: Redefining \] on input line 2845.
)
(/usr/local/texlive/2019/texmf-dist/tex/latex/graphics/graphicx.sty
Package: graphicx 2017/06/01 v1.1a Enhanced LaTeX Graphics (DPC,SPQR)

(/usr/local/texlive/2019/texmf-dist/tex/latex/graphics/keyval.sty
Package: keyval 2014/10/28 v1.15 key=value parser (DPC)
\KV@toks@=\toks20
)
(/usr/local/texlive/2019/texmf-dist/tex/latex/graphics/graphics.sty
Package: graphics 2017/06/25 v1.2c Standard LaTeX Graphics (DPC,SPQR)

(/usr/local/texlive/2019/texmf-dist/tex/latex/graphics/trig.sty
Package: trig 2016/01/03 v1.10 sin cos tan (DPC)
)
(/usr/local/texlive/2019/texmf-dist/tex/latex/graphics-cfg/graphics.cfg
File: graphics.cfg 2016/06/04 v1.11 sample graphics configuration
)
Package graphics Info: Driver file: pdftex.def on input line 99.

(/usr/local/texlive/2019/texmf-dist/tex/latex/graphics-def/pdftex.def
File: pdftex.def 2018/01/08 v1.0l Graphics/color driver for pdftex
))
\Gin@req@height=\dimen135
\Gin@req@width=\dimen136
)
(/usr/local/texlive/2019/texmf-dist/tex/latex/graphics/color.sty
Package: color 2016/07/10 v1.1e Standard LaTeX Color (DPC)

(/usr/local/texlive/2019/texmf-dist/tex/latex/graphics-cfg/color.cfg
File: color.cfg 2016/01/02 v1.6 sample color configuration
)
Package color Info: Driver file: pdftex.def on input line 147.
)
(/usr/local/texlive/2019/texmf-dist/tex/latex/amsfonts/euscript.sty
Package: euscript 2009/06/22 v3.00 Euler Script fonts
LaTeX Font Info:    Overwriting math alphabet `\EuScript' in version `bold'
(Font)                  U/eus/m/n --> U/eus/b/n on input line 33.
)
(/usr/local/texlive/2019/texmf-dist/tex/latex/booktabs/booktabs.sty
Package: booktabs 2016/04/27 v1.618033 publication quality tables
\heavyrulewidth=\dimen137
\lightrulewidth=\dimen138
\cmidrulewidth=\dimen139
\belowrulesep=\dimen140
\belowbottomsep=\dimen141
\aboverulesep=\dimen142
\abovetopsep=\dimen143
\cmidrulesep=\dimen144
\cmidrulekern=\dimen145
\defaultaddspace=\dimen146
\@cmidla=\count107
\@cmidlb=\count108
\@aboverulesep=\dimen147
\@belowrulesep=\dimen148
\@thisruleclass=\count109
\@lastruleclass=\count110
\@thisrulewidth=\dimen149
)
(/usr/local/texlive/2019/texmf-dist/tex/latex/subfigure/subfigure.sty
Package: subfigure 2002/03/15 v2.1.5 subfigure package
\subfigtopskip=\skip47
\subfigcapskip=\skip48
\subfigcaptopadj=\dimen150
\subfigbottomskip=\skip49
\subfigcapmargin=\dimen151
\subfiglabelskip=\skip50
\c@subfigure=\count111
\c@lofdepth=\count112
\c@subtable=\count113
\c@lotdepth=\count114

****************************************
* Local config file subfigure.cfg used *
****************************************
(/usr/local/texlive/2019/texmf-dist/tex/latex/subfigure/subfigure.cfg)
\subfig@top=\skip51
\subfig@bottom=\skip52
)
(./Design and Characterization of a 28-nm .aux)
\openout1 = `"Design and Characterization of a 28-nm .aux"'.

LaTeX Font Info:    Checking defaults for OML/cmm/m/it on input line 12.
LaTeX Font Info:    ... okay on input line 12.
LaTeX Font Info:    Checking defaults for T1/cmr/m/n on input line 12.
LaTeX Font Info:    ... okay on input line 12.
LaTeX Font Info:    Checking defaults for OT1/cmr/m/n on input line 12.
LaTeX Font Info:    ... okay on input line 12.
LaTeX Font Info:    Checking defaults for OMS/cmsy/m/n on input line 12.
LaTeX Font Info:    ... okay on input line 12.
LaTeX Font Info:    Checking defaults for OMX/cmex/m/n on input line 12.
LaTeX Font Info:    ... okay on input line 12.
LaTeX Font Info:    Checking defaults for U/cmr/m/n on input line 12.
LaTeX Font Info:    ... okay on input line 12.

-- Lines per column: 58 (exact).
(/usr/local/texlive/2019/texmf-dist/tex/context/base/mkii/supp-pdf.mkii
[Loading MPS to PDF converter (version 2006.09.02).]
\scratchcounter=\count115
\scratchdimen=\dimen152
\scratchbox=\box31
\nofMPsegments=\count116
\nofMParguments=\count117
\everyMPshowfont=\toks21
\MPscratchCnt=\count118
\MPscratchDim=\dimen153
\MPnumerator=\count119
\makeMPintoPDFobject=\count120
\everyMPtoPDFconversion=\toks22
) (/usr/local/texlive/2019/texmf-dist/tex/latex/oberdiek/epstopdf-base.sty
Package: epstopdf-base 2016/05/15 v2.6 Base part for package epstopdf

(/usr/local/texlive/2019/texmf-dist/tex/generic/oberdiek/infwarerr.sty
Package: infwarerr 2016/05/16 v1.4 Providing info/warning/error messages (HO)
)
(/usr/local/texlive/2019/texmf-dist/tex/latex/oberdiek/grfext.sty
Package: grfext 2016/05/16 v1.2 Manage graphics extensions (HO)

(/usr/local/texlive/2019/texmf-dist/tex/generic/oberdiek/kvdefinekeys.sty
Package: kvdefinekeys 2016/05/16 v1.4 Define keys (HO)

(/usr/local/texlive/2019/texmf-dist/tex/generic/oberdiek/ltxcmds.sty
Package: ltxcmds 2016/05/16 v1.23 LaTeX kernel commands for general use (HO)
)))
(/usr/local/texlive/2019/texmf-dist/tex/latex/oberdiek/kvoptions.sty
Package: kvoptions 2016/05/16 v3.12 Key value format for package options (HO)

(/usr/local/texlive/2019/texmf-dist/tex/generic/oberdiek/kvsetkeys.sty
Package: kvsetkeys 2016/05/16 v1.17 Key value parser (HO)

(/usr/local/texlive/2019/texmf-dist/tex/generic/oberdiek/etexcmds.sty
Package: etexcmds 2016/05/16 v1.6 Avoid name clashes with e-TeX commands (HO)

(/usr/local/texlive/2019/texmf-dist/tex/generic/oberdiek/ifluatex.sty
Package: ifluatex 2016/05/16 v1.4 Provides the ifluatex switch (HO)
Package ifluatex Info: LuaTeX not detected.
))))
(/usr/local/texlive/2019/texmf-dist/tex/generic/oberdiek/pdftexcmds.sty
Package: pdftexcmds 2018/09/10 v0.29 Utility functions of pdfTeX for LuaTeX (HO
)

(/usr/local/texlive/2019/texmf-dist/tex/generic/oberdiek/ifpdf.sty
Package: ifpdf 2018/09/07 v3.3 Provides the ifpdf switch
)
Package pdftexcmds Info: LuaTeX not detected.
Package pdftexcmds Info: \pdf@primitive is available.
Package pdftexcmds Info: \pdf@ifprimitive is available.
Package pdftexcmds Info: \pdfdraftmode found.
)
Package epstopdf-base Info: Redefining graphics rule for `.eps' on input line 4
38.
Package grfext Info: Graphics extension search list:
(grfext)             [.pdf,.png,.jpg,.mps,.jpeg,.jbig2,.jb2,.PDF,.PNG,.JPG,.JPE
G,.JBIG2,.JB2,.eps]
(grfext)             \AppendGraphicsExtensions on input line 456.

(/usr/local/texlive/2019/texmf-dist/tex/latex/latexconfig/epstopdf-sys.cfg
File: epstopdf-sys.cfg 2010/07/13 v1.3 Configuration of (r)epstopdf for TeX Liv
e
))
Package epstopdf Info: Source file: <Figures/Figure_1.eps>
(epstopdf)                    date: 2019-08-20 15:44:23
(epstopdf)                    size: 3448922 bytes
(epstopdf)             Output file: <Figures/Figure_1-eps-converted-to.pdf>
(epstopdf)                    date: 2019-08-20 16:24:58
(epstopdf)                    size: 24362 bytes
(epstopdf)             Command: <repstopdf --outfile=Figures/Figure_1-eps-conve
rted-to.pdf Figures/Figure_1.eps>
(epstopdf)             \includegraphics on input line 43.
Package epstopdf Info: Output file is already uptodate.
<Figures/Figure_1-eps-converted-to.pdf, id=1, 1850.915pt x 456.70625pt>
File: Figures/Figure_1-eps-converted-to.pdf Graphic file (type pdf)
<use Figures/Figure_1-eps-converted-to.pdf>
Package pdftex.def Info: Figures/Figure_1-eps-converted-to.pdf  used on input l
ine 43.
(pdftex.def)             Requested size: 504.0pt x 124.35764pt.

[1{/usr/local/texlive/2019/texmf-var/fonts/map/pdftex/updmap/pdftex.map}


]
Underfull \hbox (badness 4899) in paragraph at lines 49--52
\OT1/ptm/m/n/10 im-ple-men-ta-tion of the scheme shown con-cep-tu-ally in
 []

Package epstopdf Info: Source file: <FIGURES/FIGURE_2.eps>
(epstopdf)                    date: 2019-08-20 15:45:06
(epstopdf)                    size: 1835490 bytes
(epstopdf)             Output file: <FIGURES/FIGURE_2-eps-converted-to.pdf>
(epstopdf)                    date: 2019-08-20 16:24:59
(epstopdf)                    size: 20165 bytes
(epstopdf)             Command: <repstopdf --outfile=FIGURES/FIGURE_2-eps-conve
rted-to.pdf FIGURES/FIGURE_2.eps>
(epstopdf)             \includegraphics on input line 80.
Package epstopdf Info: Output file is already uptodate.
<FIGURES/FIGURE_2-eps-converted-to.pdf, id=11, 200.75pt x 255.95625pt>
File: FIGURES/FIGURE_2-eps-converted-to.pdf Graphic file (type pdf)
<use FIGURES/FIGURE_2-eps-converted-to.pdf>
Package pdftex.def Info: FIGURES/FIGURE_2-eps-converted-to.pdf  used on input l
ine 80.
(pdftex.def)             Requested size: 126.0pt x 160.65573pt.
[2 <./Figures/Figure_1-eps-converted-to.pdf>]
Package epstopdf Info: Source file: <Figures/FIGURE_3.eps>
(epstopdf)                    date: 2019-08-20 15:46:56
(epstopdf)                    size: 2302126 bytes
(epstopdf)             Output file: <Figures/FIGURE_3-eps-converted-to.pdf>
(epstopdf)                    date: 2019-08-20 16:25:00
(epstopdf)                    size: 35318 bytes
(epstopdf)             Command: <repstopdf --outfile=Figures/FIGURE_3-eps-conve
rted-to.pdf Figures/FIGURE_3.eps>
(epstopdf)             \includegraphics on input line 98.
Package epstopdf Info: Output file is already uptodate.
<Figures/FIGURE_3-eps-converted-to.pdf, id=45, 642.4pt x 325.215pt>
File: Figures/FIGURE_3-eps-converted-to.pdf Graphic file (type pdf)
<use Figures/FIGURE_3-eps-converted-to.pdf>
Package pdftex.def Info: Figures/FIGURE_3-eps-converted-to.pdf  used on input l
ine 98.
(pdftex.def)             Requested size: 252.0pt x 127.57272pt.
Package epstopdf Info: Source file: <Figures/FIGURE_4.eps>
(epstopdf)                    date: 2019-08-20 15:47:33
(epstopdf)                    size: 1868770 bytes
(epstopdf)             Output file: <Figures/FIGURE_4-eps-converted-to.pdf>
(epstopdf)                    date: 2019-08-20 16:25:01
(epstopdf)                    size: 22758 bytes
(epstopdf)             Command: <repstopdf --outfile=Figures/FIGURE_4-eps-conve
rted-to.pdf Figures/FIGURE_4.eps>
(epstopdf)             \includegraphics on input line 118.
Package epstopdf Info: Output file is already uptodate.
<Figures/FIGURE_4-eps-converted-to.pdf, id=46, 260.975pt x 213.79875pt>
File: Figures/FIGURE_4-eps-converted-to.pdf Graphic file (type pdf)
<use Figures/FIGURE_4-eps-converted-to.pdf>
Package pdftex.def Info: Figures/FIGURE_4-eps-converted-to.pdf  used on input l
ine 118.
(pdftex.def)             Requested size: 151.20154pt x 123.8696pt.
 [3 <./FIGURES/FIGURE_2-eps-converted-to.pdf> <./Figures/FIGURE_3-eps-converted
-to.pdf> <./Figures/FIGURE_4-eps-converted-to.pdf>]
Package epstopdf Info: Source file: <Figures/FIGURE_5.eps>
(epstopdf)                    date: 2019-08-20 15:48:37
(epstopdf)                    size: 724294 bytes
(epstopdf)             Output file: <Figures/FIGURE_5-eps-converted-to.pdf>
(epstopdf)                    date: 2019-08-20 16:25:01
(epstopdf)                    size: 56993 bytes
(epstopdf)             Command: <repstopdf --outfile=Figures/FIGURE_5-eps-conve
rted-to.pdf Figures/FIGURE_5.eps>
(epstopdf)             \includegraphics on input line 172.
Package epstopdf Info: Output file is already uptodate.
<Figures/FIGURE_5-eps-converted-to.pdf, id=92, 361.35pt x 367.3725pt>
File: Figures/FIGURE_5-eps-converted-to.pdf Graphic file (type pdf)
<use Figures/FIGURE_5-eps-converted-to.pdf>
Package pdftex.def Info: Figures/FIGURE_5-eps-converted-to.pdf  used on input l
ine 172.
(pdftex.def)             Requested size: 151.20154pt x 153.7236pt.
Package epstopdf Info: Source file: <Figures/FIGURE_6.eps>
(epstopdf)                    date: 2019-08-20 15:57:41
(epstopdf)                    size: 3062278 bytes
(epstopdf)             Output file: <Figures/FIGURE_6-eps-converted-to.pdf>
(epstopdf)                    date: 2019-08-20 16:25:02
(epstopdf)                    size: 31282 bytes
(epstopdf)             Command: <repstopdf --outfile=Figures/FIGURE_6-eps-conve
rted-to.pdf Figures/FIGURE_6.eps>
(epstopdf)             \includegraphics on input line 187.
Package epstopdf Info: Output file is already uptodate.
<Figures/FIGURE_6-eps-converted-to.pdf, id=93, 1031.855pt x 536.0025pt>
File: Figures/FIGURE_6-eps-converted-to.pdf Graphic file (type pdf)
<use Figures/FIGURE_6-eps-converted-to.pdf>
Package pdftex.def Info: Figures/FIGURE_6-eps-converted-to.pdf  used on input l
ine 187.
(pdftex.def)             Requested size: 252.0pt x 130.90056pt.
 [4 <./Figures/FIGURE_5-eps-converted-to.pdf>]
LaTeX Font Info:    Try loading font information for U+eus on input line 211.

(/usr/local/texlive/2019/texmf-dist/tex/latex/amsfonts/ueus.fd
File: ueus.fd 2013/01/14 v3.01 Euler Script
) [5 <./Figures/FIGURE_6-eps-converted-to.pdf>]
Overfull \hbox (2.19778pt too wide) in paragraph at lines 272--280
 [] 
 []

[6]
Package epstopdf Info: Source file: <Figures/FIGURE_7.eps>
(epstopdf)                    date: 2019-08-20 15:59:03
(epstopdf)                    size: 2503598 bytes
(epstopdf)             Output file: <Figures/FIGURE_7-eps-converted-to.pdf>
(epstopdf)                    date: 2019-08-20 16:25:02
(epstopdf)                    size: 23253 bytes
(epstopdf)             Command: <repstopdf --outfile=Figures/FIGURE_7-eps-conve
rted-to.pdf Figures/FIGURE_7.eps>
(epstopdf)             \includegraphics on input line 296.
Package epstopdf Info: Output file is already uptodate.
<Figures/FIGURE_7-eps-converted-to.pdf, id=126, 934.49126pt x 389.455pt>
File: Figures/FIGURE_7-eps-converted-to.pdf Graphic file (type pdf)
<use Figures/FIGURE_7-eps-converted-to.pdf>
Package pdftex.def Info: Figures/FIGURE_7-eps-converted-to.pdf  used on input l
ine 296.
(pdftex.def)             Requested size: 252.0pt x 105.01756pt.
Package epstopdf Info: Source file: <Figures/FIGURE_8.eps>
(epstopdf)                    date: 2019-08-20 15:59:44
(epstopdf)                    size: 5620986 bytes
(epstopdf)             Output file: <Figures/FIGURE_8-eps-converted-to.pdf>
(epstopdf)                    date: 2019-08-20 16:25:03
(epstopdf)                    size: 21606 bytes
(epstopdf)             Command: <repstopdf --outfile=Figures/FIGURE_8-eps-conve
rted-to.pdf Figures/FIGURE_8.eps>
(epstopdf)             \includegraphics on input line 338.
Package epstopdf Info: Output file is already uptodate.
<Figures/FIGURE_8-eps-converted-to.pdf, id=127, 2131.965pt x 890.32625pt>
File: Figures/FIGURE_8-eps-converted-to.pdf Graphic file (type pdf)
<use Figures/FIGURE_8-eps-converted-to.pdf>
Package pdftex.def Info: Figures/FIGURE_8-eps-converted-to.pdf  used on input l
ine 338.
(pdftex.def)             Requested size: 252.0pt x 105.23148pt.
Package epstopdf Info: Source file: <Figures/FIGURE_9.eps>
(epstopdf)                    date: 2019-08-20 16:00:49
(epstopdf)                    size: 4771658 bytes
(epstopdf)             Output file: <Figures/FIGURE_9-eps-converted-to.pdf>
(epstopdf)                    date: 2019-08-20 16:25:04
(epstopdf)                    size: 52492 bytes
(epstopdf)             Command: <repstopdf --outfile=Figures/FIGURE_9-eps-conve
rted-to.pdf Figures/FIGURE_9.eps>
(epstopdf)             \includegraphics on input line 342.
Package epstopdf Info: Output file is already uptodate.
<Figures/FIGURE_9-eps-converted-to.pdf, id=128, 1302.8675pt x 979.66pt>
File: Figures/FIGURE_9-eps-converted-to.pdf Graphic file (type pdf)
<use Figures/FIGURE_9-eps-converted-to.pdf>
Package pdftex.def Info: Figures/FIGURE_9-eps-converted-to.pdf  used on input l
ine 342.
(pdftex.def)             Requested size: 252.0pt x 189.48578pt.
 [7 <./Figures/FIGURE_7-eps-converted-to.pdf>]
Package epstopdf Info: Source file: <Figures/FIGURE_10.eps>
(epstopdf)                    date: 2019-08-20 16:01:28
(epstopdf)                    size: 3056026 bytes
(epstopdf)             Output file: <Figures/FIGURE_10-eps-converted-to.pdf>
(epstopdf)                    date: 2019-08-20 16:25:05
(epstopdf)                    size: 20802 bytes
(epstopdf)             Command: <repstopdf --outfile=Figures/FIGURE_10-eps-conv
erted-to.pdf Figures/FIGURE_10.eps>
(epstopdf)             \includegraphics on input line 354.
Package epstopdf Info: Output file is already uptodate.
<Figures/FIGURE_10-eps-converted-to.pdf, id=148, 1432.35126pt x 449.68pt>
File: Figures/FIGURE_10-eps-converted-to.pdf Graphic file (type pdf)
<use Figures/FIGURE_10-eps-converted-to.pdf>
Package pdftex.def Info: Figures/FIGURE_10-eps-converted-to.pdf  used on input 
line 354.
(pdftex.def)             Requested size: 252.0pt x 79.11372pt.
Package epstopdf Info: Source file: <Figures/FIGURE_11.eps>
(epstopdf)                    date: 2019-08-20 16:08:50
(epstopdf)                    size: 9811178 bytes
(epstopdf)             Output file: <Figures/FIGURE_11-eps-converted-to.pdf>
(epstopdf)                    date: 2019-08-20 16:25:05
(epstopdf)                    size: 908632 bytes
(epstopdf)             Command: <repstopdf --outfile=Figures/FIGURE_11-eps-conv
erted-to.pdf Figures/FIGURE_11.eps>
(epstopdf)             \includegraphics on input line 361.
Package epstopdf Info: Output file is already uptodate.
<Figures/FIGURE_11-eps-converted-to.pdf, id=149, 578.16pt x 152.57pt>
File: Figures/FIGURE_11-eps-converted-to.pdf Graphic file (type pdf)
<use Figures/FIGURE_11-eps-converted-to.pdf>
Package pdftex.def Info: Figures/FIGURE_11-eps-converted-to.pdf  used on input 
line 361.
(pdftex.def)             Requested size: 504.0pt x 133.00021pt.
Package epstopdf Info: Source file: <Figures/FIGURE_12.eps>
(epstopdf)                    date: 2019-08-20 16:04:09
(epstopdf)                    size: 3154034 bytes
(epstopdf)             Output file: <Figures/FIGURE_12-eps-converted-to.pdf>
(epstopdf)                    date: 2019-08-20 16:25:06
(epstopdf)                    size: 34613 bytes
(epstopdf)             Command: <repstopdf --outfile=Figures/FIGURE_12-eps-conv
erted-to.pdf Figures/FIGURE_12.eps>
(epstopdf)             \includegraphics on input line 371.
Package epstopdf Info: Output file is already uptodate.
<Figures/FIGURE_12-eps-converted-to.pdf, id=150, 1069.9975pt x 567.11874pt>
File: Figures/FIGURE_12-eps-converted-to.pdf Graphic file (type pdf)
<use Figures/FIGURE_12-eps-converted-to.pdf>
Package pdftex.def Info: Figures/FIGURE_12-eps-converted-to.pdf  used on input 
line 371.
(pdftex.def)             Requested size: 378.0pt x 200.34639pt.
 [8 <./Figures/FIGURE_8-eps-converted-to.pdf> <./Figures/FIGURE_9-eps-converted
-to.pdf> <./Figures/FIGURE_10-eps-converted-to.pdf>] [9 <./Figures/FIGURE_11-ep
s-converted-to.pdf> <./Figures/FIGURE_12-eps-converted-to.pdf>]
Underfull \hbox (badness 2401) in paragraph at lines 395--396
[]\OT1/ptm/m/n/10 After eval-u-at-ing the tran-sis-tor per-for-mance, the low-
 []


Underfull \vbox (badness 5519) has occurred while \output is active []

Package epstopdf Info: Source file: <Figures/FIGURE_13.eps>
(epstopdf)                    date: 2019-08-20 16:10:40
(epstopdf)                    size: 1941478 bytes
(epstopdf)             Output file: <Figures/FIGURE_13-eps-converted-to.pdf>
(epstopdf)                    date: 2019-08-20 16:25:07
(epstopdf)                    size: 105812 bytes
(epstopdf)             Command: <repstopdf --outfile=Figures/FIGURE_13-eps-conv
erted-to.pdf Figures/FIGURE_13.eps>
(epstopdf)             \includegraphics on input line 417.
Package epstopdf Info: Output file is already uptodate.
<Figures/FIGURE_13-eps-converted-to.pdf, id=207, 662.475pt x 509.905pt>
File: Figures/FIGURE_13-eps-converted-to.pdf Graphic file (type pdf)
<use Figures/FIGURE_13-eps-converted-to.pdf>
Package pdftex.def Info: Figures/FIGURE_13-eps-converted-to.pdf  used on input 
line 417.
(pdftex.def)             Requested size: 252.0pt x 193.96042pt.
Package epstopdf Info: Source file: <Figures/FIGURE_14.eps>
(epstopdf)                    date: 2019-08-20 16:11:26
(epstopdf)                    size: 3192538 bytes
(epstopdf)             Output file: <Figures/FIGURE_14-eps-converted-to.pdf>
(epstopdf)                    date: 2019-08-20 16:25:08
(epstopdf)                    size: 635400 bytes
(epstopdf)             Command: <repstopdf --outfile=Figures/FIGURE_14-eps-conv
erted-to.pdf Figures/FIGURE_14.eps>
(epstopdf)             \includegraphics on input line 421.
Package epstopdf Info: Output file is already uptodate.
<Figures/FIGURE_14-eps-converted-to.pdf, id=208, 822.07124pt x 281.05pt>
File: Figures/FIGURE_14-eps-converted-to.pdf Graphic file (type pdf)
<use Figures/FIGURE_14-eps-converted-to.pdf>
Package pdftex.def Info: Figures/FIGURE_14-eps-converted-to.pdf  used on input 
line 421.
(pdftex.def)             Requested size: 252.0pt x 86.15111pt.
 [10]
Package epstopdf Info: Source file: <Figures/FIGURE_15.eps>
(epstopdf)                    date: 2019-08-20 16:12:43
(epstopdf)                    size: 4814826 bytes
(epstopdf)             Output file: <Figures/FIGURE_15-eps-converted-to.pdf>
(epstopdf)                    date: 2019-08-20 16:25:08
(epstopdf)                    size: 278802 bytes
(epstopdf)             Command: <repstopdf --outfile=Figures/FIGURE_15-eps-conv
erted-to.pdf Figures/FIGURE_15.eps>
(epstopdf)             \includegraphics on input line 445.
Package epstopdf Info: Output file is already uptodate.
<Figures/FIGURE_15-eps-converted-to.pdf, id=212, 1597.97pt x 518.93875pt>
File: Figures/FIGURE_15-eps-converted-to.pdf Graphic file (type pdf)
<use Figures/FIGURE_15-eps-converted-to.pdf>
Package pdftex.def Info: Figures/FIGURE_15-eps-converted-to.pdf  used on input 
line 445.
(pdftex.def)             Requested size: 252.0pt x 81.83621pt.
Package epstopdf Info: Source file: <Figures/FIGURE_16.eps>
(epstopdf)                    date: 2019-08-20 16:13:39
(epstopdf)                    size: 1165994 bytes
(epstopdf)             Output file: <Figures/FIGURE_16-eps-converted-to.pdf>
(epstopdf)                    date: 2019-08-20 16:25:09
(epstopdf)                    size: 113476 bytes
(epstopdf)             Command: <repstopdf --outfile=Figures/FIGURE_16-eps-conv
erted-to.pdf Figures/FIGURE_16.eps>
(epstopdf)             \includegraphics on input line 453.
Package epstopdf Info: Output file is already uptodate.
<Figures/FIGURE_16-eps-converted-to.pdf, id=213, 662.475pt x 401.5pt>
File: Figures/FIGURE_16-eps-converted-to.pdf Graphic file (type pdf)
<use Figures/FIGURE_16-eps-converted-to.pdf>
Package pdftex.def Info: Figures/FIGURE_16-eps-converted-to.pdf  used on input 
line 453.
(pdftex.def)             Requested size: 252.0pt x 152.72473pt.
Package epstopdf Info: Source file: <Figures/FIGURE_17.eps>
(epstopdf)                    date: 2019-08-20 16:14:47
(epstopdf)                    size: 20251358 bytes
(epstopdf)             Output file: <Figures/FIGURE_17-eps-converted-to.pdf>
(epstopdf)                    date: 2019-08-20 16:25:12
(epstopdf)                    size: 1641896 bytes
(epstopdf)             Command: <repstopdf --outfile=Figures/FIGURE_17-eps-conv
erted-to.pdf Figures/FIGURE_17.eps>
(epstopdf)             \includegraphics on input line 457.
Package epstopdf Info: Output file is already uptodate.
<Figures/FIGURE_17-eps-converted-to.pdf, id=214, 1422.31375pt x 573.14125pt>
File: Figures/FIGURE_17-eps-converted-to.pdf Graphic file (type pdf)
<use Figures/FIGURE_17-eps-converted-to.pdf>
Package pdftex.def Info: Figures/FIGURE_17-eps-converted-to.pdf  used on input 
line 457.
(pdftex.def)             Requested size: 252.0pt x 101.54306pt.

[11 <./Figures/FIGURE_13-eps-converted-to.pdf> <./Figures/FIGURE_14-eps-convert
ed-to.pdf> <./Figures/FIGURE_15-eps-converted-to.pdf>]
Package epstopdf Info: Source file: <Figures/FIGURE_18.eps>
(epstopdf)                    date: 2019-08-20 16:15:48
(epstopdf)                    size: 10183358 bytes
(epstopdf)             Output file: <Figures/FIGURE_18-eps-converted-to.pdf>
(epstopdf)                    date: 2019-08-20 16:25:14
(epstopdf)                    size: 1049850 bytes
(epstopdf)             Command: <repstopdf --outfile=Figures/FIGURE_18-eps-conv
erted-to.pdf Figures/FIGURE_18.eps>
(epstopdf)             \includegraphics on input line 469.
Package epstopdf Info: Output file is already uptodate.
<Figures/FIGURE_18-eps-converted-to.pdf, id=247, 1524.69624pt x 1453.43pt>
File: Figures/FIGURE_18-eps-converted-to.pdf Graphic file (type pdf)
<use Figures/FIGURE_18-eps-converted-to.pdf>
Package pdftex.def Info: Figures/FIGURE_18-eps-converted-to.pdf  used on input 
line 469.
(pdftex.def)             Requested size: 252.0pt x 240.20479pt.
Package epstopdf Info: Source file: <Figures/FIGURE_19.eps>
(epstopdf)                    date: 2019-08-20 16:17:14
(epstopdf)                    size: 1121706 bytes
(epstopdf)             Output file: <Figures/FIGURE_19-eps-converted-to.pdf>
(epstopdf)                    date: 2019-08-20 16:25:16
(epstopdf)                    size: 87287 bytes
(epstopdf)             Command: <repstopdf --outfile=Figures/FIGURE_19-eps-conv
erted-to.pdf Figures/FIGURE_19.eps>
(epstopdf)             \includegraphics on input line 484.
Package epstopdf Info: Output file is already uptodate.
<Figures/FIGURE_19-eps-converted-to.pdf, id=248, 658.46pt x 410.53375pt>
File: Figures/FIGURE_19-eps-converted-to.pdf Graphic file (type pdf)
<use Figures/FIGURE_19-eps-converted-to.pdf>
Package pdftex.def Info: Figures/FIGURE_19-eps-converted-to.pdf  used on input 
line 484.
(pdftex.def)             Requested size: 252.0pt x 157.1132pt.
 [12 <./Figures/FIGURE_16-eps-converted-to.pdf> <./Figures/FIGURE_17-eps-conver
ted-to.pdf> <./Figures/FIGURE_18-eps-converted-to.pdf>]
Package epstopdf Info: Source file: <Figures/FIGURE_20.eps>
(epstopdf)                    date: 2019-08-20 16:18:04
(epstopdf)                    size: 1024446 bytes
(epstopdf)             Output file: <Figures/FIGURE_20-eps-converted-to.pdf>
(epstopdf)                    date: 2019-08-20 16:25:16
(epstopdf)                    size: 59214 bytes
(epstopdf)             Command: <repstopdf --outfile=Figures/FIGURE_20-eps-conv
erted-to.pdf Figures/FIGURE_20.eps>
(epstopdf)             \includegraphics on input line 492.
Package epstopdf Info: Output file is already uptodate.
<Figures/FIGURE_20-eps-converted-to.pdf, id=308, 664.4825pt x 408.52625pt>
File: Figures/FIGURE_20-eps-converted-to.pdf Graphic file (type pdf)
<use Figures/FIGURE_20-eps-converted-to.pdf>
Package pdftex.def Info: Figures/FIGURE_20-eps-converted-to.pdf  used on input 
line 492.
(pdftex.def)             Requested size: 252.0pt x 154.9299pt.
 [13 <./Figures/FIGURE_19-eps-converted-to.pdf> <./Figures/FIGURE_20-eps-conver
ted-to.pdf>]
(./Design and Characterization of a 28-nm .bbl
Underfull \hbox (badness 4634) in paragraph at lines 52--55
[]\OT1/ptm/m/n/8 J. Kel-ley, ``A pre-view of Bristle-cone, Google's new quan-tu
m
 []


Underfull \hbox (badness 3724) in paragraph at lines 57--60
\OT1/ptm/m/n/8 https://spectrum.ieee.org/tech-talk/computing/hardware/ intels-4
9qubit-
 []

[14])
<Photos_For_JSSC/BARDIN.jpg, id=348, 72.27pt x 90.3375pt>
File: Photos_For_JSSC/BARDIN.jpg Graphic file (type jpg)
<use Photos_For_JSSC/BARDIN.jpg>
Package pdftex.def Info: Photos_For_JSSC/BARDIN.jpg  used on input line 586.
(pdftex.def)             Requested size: 72.2709pt x 90.33864pt.
File: Photos_For_JSSC/BARDIN.jpg Graphic file (type jpg)
<use Photos_For_JSSC/BARDIN.jpg>
Package pdftex.def Info: Photos_For_JSSC/BARDIN.jpg  used on input line 586.
(pdftex.def)             Requested size: 72.2709pt x 90.33864pt.
<Photos_For_JSSC/EVAN.jpg, id=351, 72.27pt x 90.3375pt>
File: Photos_For_JSSC/EVAN.jpg Graphic file (type jpg)
<use Photos_For_JSSC/EVAN.jpg>
Package pdftex.def Info: Photos_For_JSSC/EVAN.jpg  used on input line 596.
(pdftex.def)             Requested size: 72.2709pt x 90.33864pt.
File: Photos_For_JSSC/EVAN.jpg Graphic file (type jpg)
<use Photos_For_JSSC/EVAN.jpg>
Package pdftex.def Info: Photos_For_JSSC/EVAN.jpg  used on input line 596.
(pdftex.def)             Requested size: 72.2709pt x 90.33864pt.
 [15 <./Photos_For_JSSC/BARDIN.jpg> <./Photos_For_JSSC/EVAN.jpg>]
<Photos_For_JSSC/ErikLucero.jpg, id=359, 72.27pt x 90.3375pt>
File: Photos_For_JSSC/ErikLucero.jpg Graphic file (type jpg)
<use Photos_For_JSSC/ErikLucero.jpg>
Package pdftex.def Info: Photos_For_JSSC/ErikLucero.jpg  used on input line 601
.
(pdftex.def)             Requested size: 72.2709pt x 90.33864pt.
File: Photos_For_JSSC/ErikLucero.jpg Graphic file (type jpg)
<use Photos_For_JSSC/ErikLucero.jpg>
Package pdftex.def Info: Photos_For_JSSC/ErikLucero.jpg  used on input line 601
.
(pdftex.def)             Requested size: 72.2709pt x 90.33864pt.
<Photos_For_JSSC/TrentHuang.jpg, id=362, 72.27pt x 90.3375pt>
File: Photos_For_JSSC/TrentHuang.jpg Graphic file (type jpg)
<use Photos_For_JSSC/TrentHuang.jpg>
Package pdftex.def Info: Photos_For_JSSC/TrentHuang.jpg  used on input line 608
.
(pdftex.def)             Requested size: 72.2709pt x 90.33864pt.
File: Photos_For_JSSC/TrentHuang.jpg Graphic file (type jpg)
<use Photos_For_JSSC/TrentHuang.jpg>
Package pdftex.def Info: Photos_For_JSSC/TrentHuang.jpg  used on input line 608
.
(pdftex.def)             Requested size: 72.2709pt x 90.33864pt.
<Photos_For_JSSC/sayan.jpg, id=365, 72.27pt x 90.3375pt>
File: Photos_For_JSSC/sayan.jpg Graphic file (type jpg)
<use Photos_For_JSSC/sayan.jpg>
Package pdftex.def Info: Photos_For_JSSC/sayan.jpg  used on input line 615.
(pdftex.def)             Requested size: 72.2709pt x 90.33864pt.
File: Photos_For_JSSC/sayan.jpg Graphic file (type jpg)
<use Photos_For_JSSC/sayan.jpg>
Package pdftex.def Info: Photos_For_JSSC/sayan.jpg  used on input line 615.
(pdftex.def)             Requested size: 72.2709pt x 90.33864pt.
<Photos_For_JSSC/Daniel.jpg, id=368, 72.27pt x 90.3375pt>
File: Photos_For_JSSC/Daniel.jpg Graphic file (type jpg)
<use Photos_For_JSSC/Daniel.jpg>
Package pdftex.def Info: Photos_For_JSSC/Daniel.jpg  used on input line 623.
(pdftex.def)             Requested size: 72.2709pt x 90.33864pt.
File: Photos_For_JSSC/Daniel.jpg Graphic file (type jpg)
<use Photos_For_JSSC/Daniel.jpg>
Package pdftex.def Info: Photos_For_JSSC/Daniel.jpg  used on input line 623.
(pdftex.def)             Requested size: 72.2709pt x 90.33864pt.
<Photos_For_JSSC/ofer.jpg, id=371, 72.27pt x 90.3375pt>
File: Photos_For_JSSC/ofer.jpg Graphic file (type jpg)
<use Photos_For_JSSC/ofer.jpg>
Package pdftex.def Info: Photos_For_JSSC/ofer.jpg  used on input line 631.
(pdftex.def)             Requested size: 72.2709pt x 90.33864pt.
File: Photos_For_JSSC/ofer.jpg Graphic file (type jpg)
<use Photos_For_JSSC/ofer.jpg>
Package pdftex.def Info: Photos_For_JSSC/ofer.jpg  used on input line 631.
(pdftex.def)             Requested size: 72.2709pt x 90.33864pt.
<Photos_For_JSSC/AnthonyMegrant.jpg, id=374, 72.27pt x 90.3375pt>
File: Photos_For_JSSC/AnthonyMegrant.jpg Graphic file (type jpg)
<use Photos_For_JSSC/AnthonyMegrant.jpg>
Package pdftex.def Info: Photos_For_JSSC/AnthonyMegrant.jpg  used on input line
 636.
(pdftex.def)             Requested size: 72.2709pt x 90.33864pt.
File: Photos_For_JSSC/AnthonyMegrant.jpg Graphic file (type jpg)
<use Photos_For_JSSC/AnthonyMegrant.jpg>
Package pdftex.def Info: Photos_For_JSSC/AnthonyMegrant.jpg  used on input line
 636.
(pdftex.def)             Requested size: 72.2709pt x 90.33864pt.
<Photos_For_JSSC/Ted.jpg, id=377, 72.27pt x 90.3375pt>
File: Photos_For_JSSC/Ted.jpg Graphic file (type jpg)
<use Photos_For_JSSC/Ted.jpg>
Package pdftex.def Info: Photos_For_JSSC/Ted.jpg  used on input line 644.
(pdftex.def)             Requested size: 72.2709pt x 90.33864pt.
File: Photos_For_JSSC/Ted.jpg Graphic file (type jpg)
<use Photos_For_JSSC/Ted.jpg>
Package pdftex.def Info: Photos_For_JSSC/Ted.jpg  used on input line 644.
(pdftex.def)             Requested size: 72.2709pt x 90.33864pt.
<Photos_For_JSSC/mgiustina.jpg, id=380, 72.27pt x 90.3375pt>
File: Photos_For_JSSC/mgiustina.jpg Graphic file (type jpg)
<use Photos_For_JSSC/mgiustina.jpg>
Package pdftex.def Info: Photos_For_JSSC/mgiustina.jpg  used on input line 649.

(pdftex.def)             Requested size: 72.2709pt x 90.33864pt.
File: Photos_For_JSSC/mgiustina.jpg Graphic file (type jpg)
<use Photos_For_JSSC/mgiustina.jpg>
Package pdftex.def Info: Photos_For_JSSC/mgiustina.jpg  used on input line 649.

(pdftex.def)             Requested size: 72.2709pt x 90.33864pt.
 [16 <./Photos_For_JSSC/ErikLucero.jpg> <./Photos_For_JSSC/TrentHuang.jpg> <./P
hotos_For_JSSC/sayan.jpg> <./Photos_For_JSSC/Daniel.jpg> <./Photos_For_JSSC/ofe
r.jpg> <./Photos_For_JSSC/AnthonyMegrant.jpg> <./Photos_For_JSSC/Ted.jpg> <./Ph
otos_For_JSSC/mgiustina.jpg>]
<Photos_For_JSSC/kevinjsatzinger.jpg, id=395, 72.27pt x 90.3375pt>
File: Photos_For_JSSC/kevinjsatzinger.jpg Graphic file (type jpg)
<use Photos_For_JSSC/kevinjsatzinger.jpg>
Package pdftex.def Info: Photos_For_JSSC/kevinjsatzinger.jpg  used on input lin
e 656.
(pdftex.def)             Requested size: 72.2709pt x 90.33864pt.
File: Photos_For_JSSC/kevinjsatzinger.jpg Graphic file (type jpg)
<use Photos_For_JSSC/kevinjsatzinger.jpg>
Package pdftex.def Info: Photos_For_JSSC/kevinjsatzinger.jpg  used on input lin
e 656.
(pdftex.def)             Requested size: 72.2709pt x 90.33864pt.
<Photos_For_JSSC/KunalArya.jpg, id=398, 72.27pt x 90.3375pt>
File: Photos_For_JSSC/KunalArya.jpg Graphic file (type jpg)
<use Photos_For_JSSC/KunalArya.jpg>
Package pdftex.def Info: Photos_For_JSSC/KunalArya.jpg  used on input line 663.

(pdftex.def)             Requested size: 72.2709pt x 90.33864pt.
File: Photos_For_JSSC/KunalArya.jpg Graphic file (type jpg)
<use Photos_For_JSSC/KunalArya.jpg>
Package pdftex.def Info: Photos_For_JSSC/KunalArya.jpg  used on input line 663.

(pdftex.def)             Requested size: 72.2709pt x 90.33864pt.
<Photos_For_JSSC/pedram.jpg, id=401, 72.27pt x 90.3375pt>
File: Photos_For_JSSC/pedram.jpg Graphic file (type jpg)
<use Photos_For_JSSC/pedram.jpg>
Package pdftex.def Info: Photos_For_JSSC/pedram.jpg  used on input line 670.
(pdftex.def)             Requested size: 72.2709pt x 90.33864pt.
File: Photos_For_JSSC/pedram.jpg Graphic file (type jpg)
<use Photos_For_JSSC/pedram.jpg>
Package pdftex.def Info: Photos_For_JSSC/pedram.jpg  used on input line 670.
(pdftex.def)             Requested size: 72.2709pt x 90.33864pt.
<Photos_For_JSSC/Ben_Chiaro.jpg, id=404, 72.27pt x 90.3375pt>
File: Photos_For_JSSC/Ben_Chiaro.jpg Graphic file (type jpg)
<use Photos_For_JSSC/Ben_Chiaro.jpg>
Package pdftex.def Info: Photos_For_JSSC/Ben_Chiaro.jpg  used on input line 675
.
(pdftex.def)             Requested size: 72.2709pt x 90.33864pt.
File: Photos_For_JSSC/Ben_Chiaro.jpg Graphic file (type jpg)
<use Photos_For_JSSC/Ben_Chiaro.jpg>
Package pdftex.def Info: Photos_For_JSSC/Ben_Chiaro.jpg  used on input line 675
.
(pdftex.def)             Requested size: 72.2709pt x 90.33864pt.
<Photos_For_JSSC/juliankelly.jpg, id=407, 72.27pt x 90.3375pt>
File: Photos_For_JSSC/juliankelly.jpg Graphic file (type jpg)
<use Photos_For_JSSC/juliankelly.jpg>
Package pdftex.def Info: Photos_For_JSSC/juliankelly.jpg  used on input line 67
9.
(pdftex.def)             Requested size: 72.2709pt x 90.33864pt.
File: Photos_For_JSSC/juliankelly.jpg Graphic file (type jpg)
<use Photos_For_JSSC/juliankelly.jpg>
Package pdftex.def Info: Photos_For_JSSC/juliankelly.jpg  used on input line 67
9.
(pdftex.def)             Requested size: 72.2709pt x 90.33864pt.
<Photos_For_JSSC/zijunchen.jpg, id=410, 72.27pt x 90.3375pt>
File: Photos_For_JSSC/zijunchen.jpg Graphic file (type jpg)
<use Photos_For_JSSC/zijunchen.jpg>
Package pdftex.def Info: Photos_For_JSSC/zijunchen.jpg  used on input line 686.

(pdftex.def)             Requested size: 72.2709pt x 90.33864pt.
File: Photos_For_JSSC/zijunchen.jpg Graphic file (type jpg)
<use Photos_For_JSSC/zijunchen.jpg>
Package pdftex.def Info: Photos_For_JSSC/zijunchen.jpg  used on input line 686.

(pdftex.def)             Requested size: 72.2709pt x 90.33864pt.
<Photos_For_JSSC/BrianBurkett.jpg, id=413, 72.27pt x 90.3375pt>
File: Photos_For_JSSC/BrianBurkett.jpg Graphic file (type jpg)
<use Photos_For_JSSC/BrianBurkett.jpg>
Package pdftex.def Info: Photos_For_JSSC/BrianBurkett.jpg  used on input line 6
91.
(pdftex.def)             Requested size: 72.2709pt x 90.33864pt.
File: Photos_For_JSSC/BrianBurkett.jpg Graphic file (type jpg)
<use Photos_For_JSSC/BrianBurkett.jpg>
Package pdftex.def Info: Photos_For_JSSC/BrianBurkett.jpg  used on input line 6
91.
(pdftex.def)             Requested size: 72.2709pt x 90.33864pt.
<Photos_For_JSSC/YuChen.jpg, id=416, 72.27pt x 90.3375pt>
File: Photos_For_JSSC/YuChen.jpg Graphic file (type jpg)
<use Photos_For_JSSC/YuChen.jpg>
Package pdftex.def Info: Photos_For_JSSC/YuChen.jpg  used on input line 698.
(pdftex.def)             Requested size: 72.2709pt x 90.33864pt.
File: Photos_For_JSSC/YuChen.jpg Graphic file (type jpg)
<use Photos_For_JSSC/YuChen.jpg>
Package pdftex.def Info: Photos_For_JSSC/YuChen.jpg  used on input line 698.
(pdftex.def)             Requested size: 72.2709pt x 90.33864pt.
<Photos_For_JSSC/Andrew.jpg, id=419, 72.27pt x 90.3375pt>
File: Photos_For_JSSC/Andrew.jpg Graphic file (type jpg)
<use Photos_For_JSSC/Andrew.jpg>
Package pdftex.def Info: Photos_For_JSSC/Andrew.jpg  used on input line 704.
(pdftex.def)             Requested size: 72.2709pt x 90.33864pt.
File: Photos_For_JSSC/Andrew.jpg Graphic file (type jpg)
<use Photos_For_JSSC/Andrew.jpg>
Package pdftex.def Info: Photos_For_JSSC/Andrew.jpg  used on input line 704.
(pdftex.def)             Requested size: 72.2709pt x 90.33864pt.
<Photos_For_JSSC/AustinFowler.jpg, id=422, 72.27pt x 90.3375pt>
File: Photos_For_JSSC/AustinFowler.jpg Graphic file (type jpg)
<use Photos_For_JSSC/AustinFowler.jpg>
Package pdftex.def Info: Photos_For_JSSC/AustinFowler.jpg  used on input line 7
09.
(pdftex.def)             Requested size: 72.2709pt x 90.33864pt.
File: Photos_For_JSSC/AustinFowler.jpg Graphic file (type jpg)
<use Photos_For_JSSC/AustinFowler.jpg>
Package pdftex.def Info: Photos_For_JSSC/AustinFowler.jpg  used on input line 7
09.
(pdftex.def)             Requested size: 72.2709pt x 90.33864pt.
 [17 <./Photos_For_JSSC/kevinjsatzinger.jpg> <./Photos_For_JSSC/KunalArya.jpg> 
<./Photos_For_JSSC/pedram.jpg> <./Photos_For_JSSC/Ben_Chiaro.jpg> <./Photos_For
_JSSC/juliankelly.jpg> <./Photos_For_JSSC/zijunchen.jpg> <./Photos_For_JSSC/Bri
anBurkett.jpg> <./Photos_For_JSSC/YuChen.jpg> <./Photos_For_JSSC/Andrew.jpg> <.
/Photos_For_JSSC/AustinFowler.jpg>]
<Photos_For_JSSC/BrooksFoxen.png, id=438, 72.27pt x 90.3375pt>
File: Photos_For_JSSC/BrooksFoxen.png Graphic file (type png)
<use Photos_For_JSSC/BrooksFoxen.png>
Package pdftex.def Info: Photos_For_JSSC/BrooksFoxen.png  used on input line 71
4.
(pdftex.def)             Requested size: 72.2709pt x 90.33864pt.
File: Photos_For_JSSC/BrooksFoxen.png Graphic file (type png)
<use Photos_For_JSSC/BrooksFoxen.png>
Package pdftex.def Info: Photos_For_JSSC/BrooksFoxen.png  used on input line 71
4.
(pdftex.def)             Requested size: 72.2709pt x 90.33864pt.
<Photos_For_JSSC/craiggidney.png, id=441, 72.27pt x 90.3375pt>
File: Photos_For_JSSC/craiggidney.png Graphic file (type png)
<use Photos_For_JSSC/craiggidney.png>
Package pdftex.def Info: Photos_For_JSSC/craiggidney.png  used on input line 71
9.
(pdftex.def)             Requested size: 72.2709pt x 90.33864pt.
File: Photos_For_JSSC/craiggidney.png Graphic file (type png)
<use Photos_For_JSSC/craiggidney.png>
Package pdftex.def Info: Photos_For_JSSC/craiggidney.png  used on input line 71
9.
(pdftex.def)             Requested size: 72.2709pt x 90.33864pt.
<Photos_For_JSSC/RobGraff.jpg, id=444, 72.27pt x 90.3375pt>
File: Photos_For_JSSC/RobGraff.jpg Graphic file (type jpg)
<use Photos_For_JSSC/RobGraff.jpg>
Package pdftex.def Info: Photos_For_JSSC/RobGraff.jpg  used on input line 727.
(pdftex.def)             Requested size: 72.2709pt x 90.33864pt.
File: Photos_For_JSSC/RobGraff.jpg Graphic file (type jpg)
<use Photos_For_JSSC/RobGraff.jpg>
Package pdftex.def Info: Photos_For_JSSC/RobGraff.jpg  used on input line 727.
(pdftex.def)             Requested size: 72.2709pt x 90.33864pt.
<Photos_For_JSSC/PaulKlimov.jpg, id=447, 72.27pt x 90.3375pt>
File: Photos_For_JSSC/PaulKlimov.jpg Graphic file (type jpg)
<use Photos_For_JSSC/PaulKlimov.jpg>
Package pdftex.def Info: Photos_For_JSSC/PaulKlimov.jpg  used on input line 732
.
(pdftex.def)             Requested size: 72.2709pt x 90.33864pt.
File: Photos_For_JSSC/PaulKlimov.jpg Graphic file (type jpg)
<use Photos_For_JSSC/PaulKlimov.jpg>
Package pdftex.def Info: Photos_For_JSSC/PaulKlimov.jpg  used on input line 732
.
(pdftex.def)             Requested size: 72.2709pt x 90.33864pt.
<Photos_For_JSSC/josh.jpg, id=450, 72.27pt x 90.3375pt>
File: Photos_For_JSSC/josh.jpg Graphic file (type jpg)
<use Photos_For_JSSC/josh.jpg>
Package pdftex.def Info: Photos_For_JSSC/josh.jpg  used on input line 737.
(pdftex.def)             Requested size: 72.2709pt x 90.33864pt.
File: Photos_For_JSSC/josh.jpg Graphic file (type jpg)
<use Photos_For_JSSC/josh.jpg>
Package pdftex.def Info: Photos_For_JSSC/josh.jpg  used on input line 737.
(pdftex.def)             Requested size: 72.2709pt x 90.33864pt.
<Photos_For_JSSC/MattMcEwen.jpg, id=453, 72.27pt x 90.3375pt>
File: Photos_For_JSSC/MattMcEwen.jpg Graphic file (type jpg)
<use Photos_For_JSSC/MattMcEwen.jpg>
Package pdftex.def Info: Photos_For_JSSC/MattMcEwen.jpg  used on input line 742
.
(pdftex.def)             Requested size: 72.2709pt x 90.33864pt.
File: Photos_For_JSSC/MattMcEwen.jpg Graphic file (type jpg)
<use Photos_For_JSSC/MattMcEwen.jpg>
Package pdftex.def Info: Photos_For_JSSC/MattMcEwen.jpg  used on input line 742
.
(pdftex.def)             Requested size: 72.2709pt x 90.33864pt.
<Photos_For_JSSC/matthew.jpg, id=456, 72.27pt x 90.3375pt>
File: Photos_For_JSSC/matthew.jpg Graphic file (type jpg)
<use Photos_For_JSSC/matthew.jpg>
Package pdftex.def Info: Photos_For_JSSC/matthew.jpg  used on input line 748.
(pdftex.def)             Requested size: 72.2709pt x 90.33864pt.
File: Photos_For_JSSC/matthew.jpg Graphic file (type jpg)
<use Photos_For_JSSC/matthew.jpg>
Package pdftex.def Info: Photos_For_JSSC/matthew.jpg  used on input line 748.
(pdftex.def)             Requested size: 72.2709pt x 90.33864pt.
<Photos_For_JSSC/charles.jpg, id=459, 72.27pt x 90.3375pt>
File: Photos_For_JSSC/charles.jpg Graphic file (type jpg)
<use Photos_For_JSSC/charles.jpg>
Package pdftex.def Info: Photos_For_JSSC/charles.jpg  used on input line 755.
(pdftex.def)             Requested size: 72.2709pt x 90.33864pt.
File: Photos_For_JSSC/charles.jpg Graphic file (type jpg)
<use Photos_For_JSSC/charles.jpg>
Package pdftex.def Info: Photos_For_JSSC/charles.jpg  used on input line 755.
(pdftex.def)             Requested size: 72.2709pt x 90.33864pt.
<Photos_For_JSSC/chris.jpg, id=462, 72.27pt x 90.3375pt>
File: Photos_For_JSSC/chris.jpg Graphic file (type jpg)
<use Photos_For_JSSC/chris.jpg>
Package pdftex.def Info: Photos_For_JSSC/chris.jpg  used on input line 760.
(pdftex.def)             Requested size: 72.2709pt x 90.33864pt.
File: Photos_For_JSSC/chris.jpg Graphic file (type jpg)
<use Photos_For_JSSC/chris.jpg>
Package pdftex.def Info: Photos_For_JSSC/chris.jpg  used on input line 760.
(pdftex.def)             Requested size: 72.2709pt x 90.33864pt.
<Photos_For_JSSC/Amit.jpg, id=465, 72.27pt x 90.3375pt>
File: Photos_For_JSSC/Amit.jpg Graphic file (type jpg)
<use Photos_For_JSSC/Amit.jpg>
Package pdftex.def Info: Photos_For_JSSC/Amit.jpg  used on input line 765.
(pdftex.def)             Requested size: 72.2709pt x 90.33864pt.
File: Photos_For_JSSC/Amit.jpg Graphic file (type jpg)
<use Photos_For_JSSC/Amit.jpg>
Package pdftex.def Info: Photos_For_JSSC/Amit.jpg  used on input line 765.
(pdftex.def)             Requested size: 72.2709pt x 90.33864pt.
 [18 <./Photos_For_JSSC/BrooksFoxen.png (PNG copy)> <./Photos_For_JSSC/craiggid
ney.png (PNG copy)> <./Photos_For_JSSC/RobGraff.jpg> <./Photos_For_JSSC/PaulKli
mov.jpg> <./Photos_For_JSSC/josh.jpg> <./Photos_For_JSSC/MattMcEwen.jpg> <./Pho
tos_For_JSSC/matthew.jpg> <./Photos_For_JSSC/charles.jpg> <./Photos_For_JSSC/ch
ris.jpg> <./Photos_For_JSSC/Amit.jpg>]
<Photos_For_JSSC/Hartmut.jpg, id=481, 72.27pt x 90.3375pt>
File: Photos_For_JSSC/Hartmut.jpg Graphic file (type jpg)
<use Photos_For_JSSC/Hartmut.jpg>
Package pdftex.def Info: Photos_For_JSSC/Hartmut.jpg  used on input line 771.
(pdftex.def)             Requested size: 72.2709pt x 90.33864pt.
File: Photos_For_JSSC/Hartmut.jpg Graphic file (type jpg)
<use Photos_For_JSSC/Hartmut.jpg>
Package pdftex.def Info: Photos_For_JSSC/Hartmut.jpg  used on input line 771.
(pdftex.def)             Requested size: 72.2709pt x 90.33864pt.
<Photos_For_JSSC/Martinis.jpg, id=484, 72.27pt x 90.3375pt>
File: Photos_For_JSSC/Martinis.jpg Graphic file (type jpg)
<use Photos_For_JSSC/Martinis.jpg>
Package pdftex.def Info: Photos_For_JSSC/Martinis.jpg  used on input line 778.
(pdftex.def)             Requested size: 72.2709pt x 90.33864pt.
File: Photos_For_JSSC/Martinis.jpg Graphic file (type jpg)
<use Photos_For_JSSC/Martinis.jpg>
Package pdftex.def Info: Photos_For_JSSC/Martinis.jpg  used on input line 778.
(pdftex.def)             Requested size: 72.2709pt x 90.33864pt.
 [19

 <./Photos_For_JSSC/Hartmut.jpg> <./Photos_For_JSSC/Martinis.jpg>] (./Design an
d Characterization of a 28-nm .aux) ) 
Here is how much of TeX's memory you used:
 3544 strings out of 492616
 59525 string characters out of 6129482
 133589 words of memory out of 5000000
 7342 multiletter control sequences out of 15000+600000
 51229 words of font info for 93 fonts, out of 8000000 for 9000
 1141 hyphenation exceptions out of 8191
 41i,13n,38p,2277b,322s stack positions out of 5000i,500n,10000p,200000b,80000s
{/usr/local/texlive/2019/texmf-dist/fonts/
enc/dvips/base/8r.enc}</usr/local/texlive/2019/texmf-dist/fonts/type1/public/am
sfonts/cm/cmex10.pfb></usr/local/texlive/2019/texmf-dist/fonts/type1/public/ams
fonts/cm/cmmi10.pfb></usr/local/texlive/2019/texmf-dist/fonts/type1/public/amsf
onts/cm/cmmi7.pfb></usr/local/texlive/2019/texmf-dist/fonts/type1/public/amsfon
ts/cm/cmmi8.pfb></usr/local/texlive/2019/texmf-dist/fonts/type1/public/amsfonts
/cm/cmr10.pfb></usr/local/texlive/2019/texmf-dist/fonts/type1/public/amsfonts/c
m/cmr5.pfb></usr/local/texlive/2019/texmf-dist/fonts/type1/public/amsfonts/cm/c
mr6.pfb></usr/local/texlive/2019/texmf-dist/fonts/type1/public/amsfonts/cm/cmr7
.pfb></usr/local/texlive/2019/texmf-dist/fonts/type1/public/amsfonts/cm/cmr8.pf
b></usr/local/texlive/2019/texmf-dist/fonts/type1/public/amsfonts/cm/cmsy10.pfb
></usr/local/texlive/2019/texmf-dist/fonts/type1/public/amsfonts/cm/cmsy6.pfb><
/usr/local/texlive/2019/texmf-dist/fonts/type1/public/amsfonts/cm/cmsy7.pfb></u
sr/local/texlive/2019/texmf-dist/fonts/type1/public/amsfonts/cm/cmsy8.pfb></usr
/local/texlive/2019/texmf-dist/fonts/type1/public/amsfonts/euler/eusm10.pfb></u
sr/local/texlive/2019/texmf-dist/fonts/type1/urw/times/utmb8a.pfb></usr/local/t
exlive/2019/texmf-dist/fonts/type1/urw/times/utmbi8a.pfb></usr/local/texlive/20
19/texmf-dist/fonts/type1/urw/times/utmr8a.pfb></usr/local/texlive/2019/texmf-d
ist/fonts/type1/urw/times/utmri8a.pfb>
Output written on "Design and Characterization of a 28-nm .pdf" (19 pages, 8417
891 bytes).
PDF statistics:
 551 PDF objects out of 1000 (max. 8388607)
 299 compressed objects within 3 object streams
 0 named destinations out of 1000 (max. 500000)
 645 words of extra memory for PDF output out of 10000 (max. 10000000)

